::1 - - [04/Apr/2024:19:03:56 +0000] "GET /api/v1/web/client/list HTTP/1.1" 500 1268 "-" "PostmanRuntime/7.37.0"
::1 - - [04/Apr/2024:19:05:24 +0000] "GET /api/v1/web/client/list HTTP/1.1" 500 757 "-" "PostmanRuntime/7.37.0"
::1 - - [04/Apr/2024:20:17:50 +0000] "GET /api/v1/web/client/list HTTP/1.1" 500 757 "-" "PostmanRuntime/7.37.0"
::1 - - [04/Apr/2024:20:21:05 +0000] "GET /api/v1/web/client/list HTTP/1.1" 500 1146 "-" "PostmanRuntime/7.37.0"
::1 - - [04/Apr/2024:20:23:47 +0000] "GET /api/v1/web/client/list HTTP/1.1" 500 1313 "-" "PostmanRuntime/7.37.0"
::1 - - [04/Apr/2024:20:25:47 +0000] "GET /api/v1/web/client/list HTTP/1.1" 200 14 "-" "PostmanRuntime/7.37.0"
::1 - - [05/Apr/2024:10:52:20 +0000] "POST /api/v1/web/client/signUp HTTP/1.1" 201 174 "-" "PostmanRuntime/7.37.3"
::1 - - [05/Apr/2024:11:23:50 +0000] "POST /api/v1/web/client/signUp HTTP/1.1" 400 39 "-" "PostmanRuntime/7.37.3"
::1 - - [05/Apr/2024:11:24:01 +0000] "POST /api/v1/web/client/signUp HTTP/1.1" 201 98 "-" "PostmanRuntime/7.37.3"
::1 - - [05/Apr/2024:11:39:04 +0000] "POST /api/v1/web/client/signUp HTTP/1.1" 400 39 "-" "PostmanRuntime/7.37.3"
::1 - - [05/Apr/2024:11:39:25 +0000] "POST /api/v1/web/client/signUp HTTP/1.1" 201 96 "-" "PostmanRuntime/7.37.3"
::1 - - [05/Apr/2024:11:51:41 +0000] "POST /api/v1/web/client/signUp HTTP/1.1" 400 229 "-" "PostmanRuntime/7.37.3"
::1 - - [05/Apr/2024:12:06:28 +0000] "POST /api/v1/web/client/signUp HTTP/1.1" 400 229 "-" "PostmanRuntime/7.37.3"
::1 - - [05/Apr/2024:12:06:38 +0000] "POST /api/v1/web/client/signUp HTTP/1.1" 400 114 "-" "PostmanRuntime/7.37.3"
::1 - - [05/Apr/2024:12:07:30 +0000] "POST /api/v1/web/client/signUp HTTP/1.1" 400 114 "-" "PostmanRuntime/7.37.3"
::1 - - [05/Apr/2024:12:08:02 +0000] "POST /api/v1/web/client/signUp HTTP/1.1" 400 115 "-" "PostmanRuntime/7.37.3"
::1 - - [05/Apr/2024:12:08:22 +0000] "POST /api/v1/web/client/signUp HTTP/1.1" 201 100 "-" "PostmanRuntime/7.37.3"
::1 - - [05/Apr/2024:12:15:34 +0000] "POST /api/v1/web/client/signUp HTTP/1.1" 400 216 "-" "PostmanRuntime/7.37.3"
::1 - - [05/Apr/2024:12:15:58 +0000] "POST /api/v1/web/client/signUp HTTP/1.1" 400 125 "-" "PostmanRuntime/7.37.3"
::1 - - [05/Apr/2024:12:21:28 +0000] "POST /api/v1/web/client/signUp HTTP/1.1" 201 100 "-" "PostmanRuntime/7.37.3"
::1 - - [05/Apr/2024:12:26:52 +0000] "POST /api/v1/web/client/signUp HTTP/1.1" 400 39 "-" "PostmanRuntime/7.37.3"
::1 - - [05/Apr/2024:12:28:20 +0000] "POST /api/v1/web/client/login HTTP/1.1" 500 1572 "-" "PostmanRuntime/7.37.3"
::1 - - [05/Apr/2024:12:34:02 +0000] "POST /api/v1/web/client/login HTTP/1.1" 403 27 "-" "PostmanRuntime/7.37.3"
::1 - - [05/Apr/2024:12:38:34 +0000] "POST /api/v1/web/client/login HTTP/1.1" 500 1608 "-" "PostmanRuntime/7.37.3"
::1 - - [05/Apr/2024:12:39:01 +0000] "POST /api/v1/web/client/login HTTP/1.1" 403 27 "-" "PostmanRuntime/7.37.3"
::1 - - [05/Apr/2024:12:40:13 +0000] "POST /api/v1/web/client/login HTTP/1.1" 403 27 "-" "PostmanRuntime/7.37.3"
::1 - - [05/Apr/2024:15:23:41 +0000] "POST /api/v1/web/client/login HTTP/1.1" 500 1571 "-" "PostmanRuntime/7.37.3"
::1 - - [05/Apr/2024:15:24:03 +0000] "POST /api/v1/web/client/login HTTP/1.1" 500 1603 "-" "PostmanRuntime/7.37.3"
::1 - - [05/Apr/2024:15:24:13 +0000] "POST /api/v1/web/client/login HTTP/1.1" 500 1603 "-" "PostmanRuntime/7.37.3"
::1 - - [05/Apr/2024:15:25:29 +0000] "POST /api/v1/web/client/login HTTP/1.1" 500 1571 "-" "PostmanRuntime/7.37.3"
::1 - - [05/Apr/2024:15:26:48 +0000] "POST /api/v1/web/client/login HTTP/1.1" 403 27 "-" "PostmanRuntime/7.37.3"
::1 - - [05/Apr/2024:15:27:07 +0000] "POST /api/v1/web/client/login HTTP/1.1" 403 27 "-" "PostmanRuntime/7.37.3"
::1 - - [05/Apr/2024:15:29:19 +0000] "POST /api/v1/web/client/login HTTP/1.1" 500 1603 "-" "PostmanRuntime/7.37.3"
::1 - - [05/Apr/2024:15:29:40 +0000] "POST /api/v1/web/client/login HTTP/1.1" 500 1571 "-" "PostmanRuntime/7.37.3"
::1 - - [05/Apr/2024:15:31:37 +0000] "POST /api/v1/web/client/login HTTP/1.1" 500 1572 "-" "PostmanRuntime/7.37.3"
::1 - - [05/Apr/2024:15:35:47 +0000] "POST /api/v1/web/client/login HTTP/1.1" - - "-" "PostmanRuntime/7.37.3"
::1 - - [05/Apr/2024:15:52:45 +0000] "POST /api/v1/web/client/login HTTP/1.1" 500 396 "-" "PostmanRuntime/7.37.3"
::1 - - [05/Apr/2024:15:53:13 +0000] "POST /api/v1/web/client/login HTTP/1.1" 500 396 "-" "PostmanRuntime/7.37.3"
::1 - - [05/Apr/2024:15:57:55 +0000] "POST /api/v1/web/client/login HTTP/1.1" 500 396 "-" "PostmanRuntime/7.37.3"
::1 - - [05/Apr/2024:15:59:11 +0000] "POST /api/v1/web/client/login HTTP/1.1" 500 396 "-" "PostmanRuntime/7.37.3"
::1 - - [05/Apr/2024:16:10:19 +0000] "POST /api/v1/web/client/login HTTP/1.1" 500 1569 "-" "PostmanRuntime/7.37.3"
::1 - - [05/Apr/2024:16:12:02 +0000] "POST /api/v1/web/client/login HTTP/1.1" 500 1571 "-" "PostmanRuntime/7.37.3"
::1 - - [05/Apr/2024:16:12:49 +0000] "POST /api/v1/web/client/login HTTP/1.1" 500 1573 "-" "PostmanRuntime/7.37.3"
::1 - - [05/Apr/2024:16:12:53 +0000] "POST /api/v1/web/client/login HTTP/1.1" 500 1573 "-" "PostmanRuntime/7.37.3"
::1 - - [05/Apr/2024:16:13:37 +0000] "POST /api/v1/web/client/login HTTP/1.1" 500 1569 "-" "PostmanRuntime/7.37.3"
::1 - - [05/Apr/2024:16:13:56 +0000] "POST /api/v1/web/client/login HTTP/1.1" 500 1571 "-" "PostmanRuntime/7.37.3"
::1 - - [05/Apr/2024:16:16:14 +0000] "POST /api/v1/web/client/login HTTP/1.1" 500 1570 "-" "PostmanRuntime/7.37.3"
::1 - - [05/Apr/2024:16:16:41 +0000] "POST /api/v1/web/client/login HTTP/1.1" 500 1573 "-" "PostmanRuntime/7.37.3"
::1 - - [05/Apr/2024:16:16:54 +0000] "POST /api/v1/web/client/login HTTP/1.1" 500 394 "-" "PostmanRuntime/7.37.3"
::1 - - [05/Apr/2024:16:17:32 +0000] "POST /api/v1/web/client/login HTTP/1.1" 500 399 "-" "PostmanRuntime/7.37.3"
::1 - - [05/Apr/2024:16:18:02 +0000] "POST /api/v1/web/client/login HTTP/1.1" 500 428 "-" "PostmanRuntime/7.37.3"
::1 - - [05/Apr/2024:16:18:50 +0000] "POST /api/v1/web/client/login HTTP/1.1" 500 1602 "-" "PostmanRuntime/7.37.3"
::1 - - [05/Apr/2024:16:19:12 +0000] "POST /api/v1/web/client/login HTTP/1.1" 500 1602 "-" "PostmanRuntime/7.37.3"
::1 - - [05/Apr/2024:16:19:32 +0000] "POST /api/v1/web/client/login HTTP/1.1" 500 428 "-" "PostmanRuntime/7.37.3"
::1 - - [05/Apr/2024:21:35:56 +0000] "POST /api/v1/web/client/login HTTP/1.1" 200 42 "-" "PostmanRuntime/7.37.3"
::1 - - [05/Apr/2024:22:02:53 +0000] "POST /api/v1/web/client/signUp HTTP/1.1" 400 39 "-" "PostmanRuntime/7.37.3"
::1 - - [05/Apr/2024:22:05:38 +0000] "POST /api/v1/web/client/login HTTP/1.1" 500 289 "-" "PostmanRuntime/7.37.3"
::1 - - [05/Apr/2024:22:06:02 +0000] "POST /api/v1/web/client/login HTTP/1.1" 200 42 "-" "PostmanRuntime/7.37.3"
::1 - - [05/Apr/2024:23:59:21 +0000] "GET /api/v1/web/client/list HTTP/1.1" 200 177 "-" "PostmanRuntime/7.37.3"
::1 - - [05/Apr/2024:23:59:41 +0000] "GET /api/v1/web/client/660fecc786b609441d5c1cf3 HTTP/1.1" 500 959 "-" "PostmanRuntime/7.37.3"
::1 - - [06/Apr/2024:00:01:14 +0000] "GET /api/v1/web/client/660fecc786b609441d5c1cf3 HTTP/1.1" 200 174 "-" "PostmanRuntime/7.37.3"
::1 - - [06/Apr/2024:00:03:19 +0000] "GET /api/v1/web/client/660fecc786b609441d5c1cf3 HTTP/1.1" 200 100 "-" "PostmanRuntime/7.37.3"
::1 - - [06/Apr/2024:00:04:44 +0000] "POST /api/v1/web/client/login HTTP/1.1" 200 42 "-" "PostmanRuntime/7.37.3"
::1 - - [06/Apr/2024:00:06:32 +0000] "PATCH /api/v1/web/client/660fecc786b609441d5c1cf3 HTTP/1.1" 200 175 "-" "PostmanRuntime/7.37.3"
::1 - - [06/Apr/2024:00:07:22 +0000] "PATCH /api/v1/web/client/660fecc786b609441d5c1cf3 HTTP/1.1" 500 820 "-" "PostmanRuntime/7.37.3"
::1 - - [06/Apr/2024:00:08:11 +0000] "PATCH /api/v1/web/client/660fecc786b609441d5c1cf3 HTTP/1.1" 200 101 "-" "PostmanRuntime/7.37.3"
::1 - - [06/Apr/2024:00:08:38 +0000] "PATCH /api/v1/web/client/660fecc786b609441d5c1cf3 HTTP/1.1" 200 99 "-" "PostmanRuntime/7.37.3"
::1 - - [06/Apr/2024:00:08:48 +0000] "GET /api/v1/web/client/list HTTP/1.1" 200 176 "-" "PostmanRuntime/7.37.3"
::1 - - [06/Apr/2024:00:09:06 +0000] "GET /api/v1/web/client/660fecc786b609441d5c1cf3 HTTP/1.1" 200 99 "-" "PostmanRuntime/7.37.3"
::1 - - [06/Apr/2024:00:14:11 +0000] "POST /api/v1/web/category/add HTTP/1.1" 201 169 "-" "PostmanRuntime/7.37.3"
::1 - - [06/Apr/2024:00:14:41 +0000] "GET /api/v1/web/category/661093d3cc7c059338a32113 HTTP/1.1" 500 1687 "-" "PostmanRuntime/7.37.3"
::1 - - [06/Apr/2024:00:15:58 +0000] "GET /api/v1/web/category/661093d3cc7c059338a32113 HTTP/1.1" 200 169 "-" "PostmanRuntime/7.37.3"
::1 - - [06/Apr/2024:00:18:37 +0000] "GET /api/v1/web/category/list HTTP/1.1" 200 173 "-" "PostmanRuntime/7.37.3"
::1 - - [06/Apr/2024:00:20:12 +0000] "PATCH /api/v1/web/category/661093d3cc7c059338a32113 HTTP/1.1" 500 1823 "-" "PostmanRuntime/7.37.3"
::1 - - [06/Apr/2024:00:21:07 +0000] "PATCH /api/v1/web/category/661093d3cc7c059338a32113 HTTP/1.1" 500 841 "-" "PostmanRuntime/7.37.3"
::1 - - [06/Apr/2024:00:23:27 +0000] "PATCH /api/v1/web/category/661093d3cc7c059338a32113 HTTP/1.1" 500 841 "-" "PostmanRuntime/7.37.3"
::1 - - [06/Apr/2024:00:23:45 +0000] "PATCH /api/v1/web/category/661093d3cc7c059338a32113 HTTP/1.1" - - "-" "PostmanRuntime/7.37.3"
::1 - - [06/Apr/2024:00:24:08 +0000] "PATCH /api/v1/web/category/661093d3cc7c059338a32113 HTTP/1.1" 200 175 "-" "PostmanRuntime/7.37.3"
::1 - - [06/Apr/2024:00:33:54 +0000] "POST /api/v1/web/recipe/add HTTP/1.1" 500 1906 "-" "PostmanRuntime/7.37.3"
::1 - - [06/Apr/2024:00:35:17 +0000] "POST /api/v1/web/recipe/add HTTP/1.1" 500 782 "-" "PostmanRuntime/7.37.3"
::1 - - [06/Apr/2024:00:36:02 +0000] "POST /api/v1/web/recipe/add HTTP/1.1" 500 1912 "-" "PostmanRuntime/7.37.3"
::1 - - [06/Apr/2024:00:36:50 +0000] "POST /api/v1/web/recipe/add HTTP/1.1" 500 1906 "-" "PostmanRuntime/7.37.3"
::1 - - [06/Apr/2024:00:37:08 +0000] "POST /api/v1/web/recipe/add HTTP/1.1" 500 1912 "-" "PostmanRuntime/7.37.3"
::1 - - [06/Apr/2024:00:38:19 +0000] "POST /api/v1/web/recipe/add HTTP/1.1" 500 1570 "-" "PostmanRuntime/7.37.3"
::1 - - [06/Apr/2024:00:39:47 +0000] "POST /api/v1/web/recipe/add HTTP/1.1" 201 399 "-" "PostmanRuntime/7.37.3"
::1 - - [13/Apr/2024:15:10:59 +0000] "POST /api/v1/web/client/signUp HTTP/1.1" 201 112 "-" "PostmanRuntime/7.37.3"
::1 - - [13/Apr/2024:17:58:28 +0000] "POST /api/v1/web/recipe/add HTTP/1.1" 500 387 "-" "PostmanRuntime/7.37.3"
::1 - - [13/Apr/2024:17:59:33 +0000] "POST /api/v1/web/recipe/add HTTP/1.1" 500 1460 "-" "PostmanRuntime/7.37.3"
::1 - - [13/Apr/2024:18:00:15 +0000] "POST /api/v1/web/recipe/add HTTP/1.1" 500 1309 "-" "PostmanRuntime/7.37.3"
::1 - - [13/Apr/2024:18:02:03 +0000] "POST /api/v1/web/recipe/add HTTP/1.1" 500 1816 "-" "PostmanRuntime/7.37.3"
::1 - - [13/Apr/2024:18:04:02 +0000] "POST /api/v1/web/recipe/add HTTP/1.1" 201 471 "-" "PostmanRuntime/7.37.3"
::1 - - [13/Apr/2024:18:06:27 +0000] "POST /api/v1/web/recipe/add HTTP/1.1" 201 471 "-" "PostmanRuntime/7.37.3"
::1 - - [13/Apr/2024:18:06:57 +0000] "POST /api/v1/web/recipe/add HTTP/1.1" 201 471 "-" "PostmanRuntime/7.37.3"
::1 - - [14/Apr/2024:11:03:12 +0000] "POST /api/v1/web/category/add HTTP/1.1" 500 408 "-" "PostmanRuntime/7.37.3"
::1 - - [14/Apr/2024:11:04:13 +0000] "POST /api/v1/web/category/add HTTP/1.1" 500 408 "-" "PostmanRuntime/7.37.3"
::1 - - [14/Apr/2024:11:05:47 +0000] "POST /api/v1/web/category/add HTTP/1.1" 500 408 "-" "PostmanRuntime/7.37.3"
