2024-04-14T18:05:03.719Z [31merror[39m:	
Invalid `prisma.recipe.findMany()` invocation in
/Users/gigisdad/projects/chippycode/foodDeliveryApp/Backend/helpers/recipe.js:12:37

   9 };
  10 
  11 const getFoods = async () => {
→ 12   const foods = await prisma.recipe.findMany(
Raw query failed. Code: `unknown`. Message: `Kind: Server selection timeout: No available servers. Topology: { Type: ReplicaSetNoPrimary, Set Name: atlas-5t0v1t-shard-0, Servers: [ { Address: ac-lvbonib-shard-00-02.a9brgbz.mongodb.net:27017, Type: Unknown, Error: Kind: I/O error: received fatal alert: InternalError, labels: {} }, { Address: ac-lvbonib-shard-00-00.a9brgbz.mongodb.net:27017, Type: Unknown, Error: Kind: I/O error: received fatal alert: InternalError, labels: {} }, { Address: ac-lvbonib-shard-00-01.a9brgbz.mongodb.net:27017, Type: Unknown, Error: Kind: I/O error: received fatal alert: InternalError, labels: {} } ] }, labels: {}`
2024-04-14T18:06:19.045Z [31merror[39m:	
Invalid `prisma.client.findMany()` invocation in
/Users/gigisdad/projects/chippycode/foodDeliveryApp/Backend/helpers/client.js:11:42

   8 };
   9 
  10 const getClients = async () => {
→ 11      const clients = await prisma.client.findMany(
Raw query failed. Code: `unknown`. Message: `Kind: Server selection timeout: No available servers. Topology: { Type: ReplicaSetNoPrimary, Set Name: atlas-5t0v1t-shard-0, Servers: [ { Address: ac-lvbonib-shard-00-02.a9brgbz.mongodb.net:27017, Type: Unknown, Error: Kind: I/O error: received fatal alert: InternalError, labels: {} }, { Address: ac-lvbonib-shard-00-01.a9brgbz.mongodb.net:27017, Type: Unknown, Error: Kind: I/O error: received fatal alert: InternalError, labels: {} }, { Address: ac-lvbonib-shard-00-00.a9brgbz.mongodb.net:27017, Type: Unknown, Error: Kind: I/O error: received fatal alert: InternalError, labels: {} } ] }, labels: {}`
2024-04-14T18:08:03.169Z [31merror[39m:	
Invalid `prisma.client.findMany()` invocation in
/Users/gigisdad/projects/chippycode/foodDeliveryApp/Backend/helpers/client.js:11:42

   8 };
   9 
  10 const getClients = async () => {
→ 11      const clients = await prisma.client.findMany(
Raw query failed. Code: `unknown`. Message: `Kind: Server selection timeout: No available servers. Topology: { Type: ReplicaSetNoPrimary, Set Name: atlas-5t0v1t-shard-0, Servers: [ { Address: ac-lvbonib-shard-00-01.a9brgbz.mongodb.net:27017, Type: Unknown, Error: Kind: I/O error: received fatal alert: InternalError, labels: {} }, { Address: ac-lvbonib-shard-00-02.a9brgbz.mongodb.net:27017, Type: Unknown, Error: Kind: I/O error: received fatal alert: InternalError, labels: {} }, { Address: ac-lvbonib-shard-00-00.a9brgbz.mongodb.net:27017, Type: Unknown, Error: Kind: I/O error: received fatal alert: InternalError, labels: {} } ] }, labels: {}`
