2024-04-04T20:17:50.212Z [31merror[39m:	
Invalid `prisma.client.findMany()` invocation in
/home/sam/Documents/Allprojects/foodweb-api/foodDeliveryApp/Backend/helpers/client.js:11:42

   8 };
   9 
  10 const getClients = async () => {
→ 11      const clients = await prisma.client.findMany(
Error in connector: Error creating a database connection. (Kind: An error occurred during DNS resolution: request timed out, labels: {})
2024-04-04T20:21:05.367Z [31merror[39m:	
Invalid `prisma.client.findMany()` invocation in
/home/sam/Documents/Allprojects/foodweb-api/foodDeliveryApp/Backend/helpers/client.js:11:42

   8 };
   9 
  10 const getClients = async () => {
→ 11      const clients = await prisma.client.findMany(
Raw query failed. Code: `unknown`. Message: `Kind: Server selection timeout: No available servers. Topology: { Type: Unknown, Servers: [ { Address: ac-1elhj2g-shard-00-00.urqrngb.mongodb.net:27017, Type: Unknown, Error: Kind: I/O error: timed out, labels: {} }, { Address: ac-1elhj2g-shard-00-02.urqrngb.mongodb.net:27017, Type: Unknown, Error: Kind: I/O error: timed out, labels: {} }, { Address: ac-1elhj2g-shard-00-01.urqrngb.mongodb.net:27017, Type: Unknown, Error: Kind: I/O error: timed out, labels: {} } ] }, labels: {}`
2024-04-04T20:23:47.205Z [31merror[39m:	
Invalid `prisma.client.findMany()` invocation in
/home/sam/Documents/Allprojects/foodweb-api/foodDeliveryApp/Backend/helpers/client.js:11:42

   8 };
   9 
  10 const getClients = async () => {
→ 11      const clients = await prisma.client.findMany(
Raw query failed. Code: `unknown`. Message: `Kind: Command failed: Error code 8000 (AtlasError): empty database name not allowed
	at 774bae2bc957594bbd34308c7c1c95e5/atlasproxy/session_proxy.go:732
	at 774bae2bc957594bbd34308c7c1c95e5/atlasproxy/session_proxy.go:1638
	at 774bae2bc957594bbd34308c7c1c95e5/atlasproxy/session_proxy.go:1213
	at 10gen/mongonet@v0.0.0-20240307160411-5a60262cff18/proxy_session.go:369
	at 10gen/mongonet@v0.0.0-20240307160411-5a60262cff18/proxy_session.go:118
	at 10gen/mongonet@v0.0.0-20240307160411-5a60262cff18/session.go:220
	at 10gen/mongonet@v0.0.0-20240307160411-5a60262cff18/server.go:384
	at src/runtime/asm_arm64.s:1197, labels: {}`
