2024-04-06T00:07:22.971Z [31merror[39m:	
Invalid `prisma.client.update()` invocation in
C:\Users\Lyfer\Documents\Project\foodDeliveryApp\Backend\helpers\client.js:23:41

  20 };
  21 
  22 const editClient = async (id, data) => {
→ 23      const client = await prisma.client.update(
Error in connector: Error creating a database connection. (Kind: An error occurred during DNS resolution: proto error: io error: A socket operation was attempted to an unreachable network. (os error 10051), labels: {})
2024-04-06T00:14:41.278Z [31merror[39m:	
Invalid `prisma.cartegory.findUnique()` invocation in
C:\Users\Lyfer\Documents\Project\foodDeliveryApp\Backend\helpers\cartegory.js:19:47

  16      return cartegories;
  17 };
  18 const getSingleCartegory = async (id) => {
→ 19      const cartegory = await prisma.cartegory.findUnique({
            where: {
              id: undefined,
          ?   AND?: cartegoryWhereInput | cartegoryWhereInput[],
          ?   OR?: cartegoryWhereInput[],
          ?   NOT?: cartegoryWhereInput | cartegoryWhereInput[],
          ?   item?: StringFilter | String,
          ?   type?: StringFilter | String,
          ?   createdAt?: DateTimeFilter | DateTime,
          ?   updatedAt?: DateTimeFilter | DateTime,
          ?   recipe?: RecipeListRelationFilter
            }
          })

Argument `where` of type cartegoryWhereUniqueInput needs at least one of `id` arguments. Available options are marked with ?.
2024-04-06T00:20:12.621Z [31merror[39m:	
Invalid `prisma.cartegory.update()` invocation in
C:\Users\Lyfer\Documents\Project\foodDeliveryApp\Backend\helpers\cartegory.js:28:47

  25 };
  26 
  27 const editCartegory = async (id, data) => {
→ 28      const cartegory = await prisma.cartegory.update({
            where: {
              id: undefined,
          ?   AND?: cartegoryWhereInput | cartegoryWhereInput[],
          ?   OR?: cartegoryWhereInput[],
          ?   NOT?: cartegoryWhereInput | cartegoryWhereInput[],
          ?   item?: StringFilter | String,
          ?   type?: StringFilter | String,
          ?   createdAt?: DateTimeFilter | DateTime,
          ?   updatedAt?: DateTimeFilter | DateTime,
          ?   recipe?: RecipeListRelationFilter
            },
            data: {
              item: "fruit salad.png"
            }
          })

Argument `where` of type cartegoryWhereUniqueInput needs at least one of `id` arguments. Available options are marked with ?.
2024-04-06T00:21:07.071Z [31merror[39m:	
Invalid `prisma.cartegory.update()` invocation in
C:\Users\Lyfer\Documents\Project\foodDeliveryApp\Backend\helpers\cartegory.js:28:47

  25 };
  26 
  27 const editCartegory = async (id, data) => {
→ 28      const cartegory = await prisma.cartegory.update(
Error in connector: Error creating a database connection. (Kind: An error occurred during DNS resolution: proto error: io error: A socket operation was attempted to an unreachable network. (os error 10051), labels: {})
2024-04-06T00:23:27.223Z [31merror[39m:	
Invalid `prisma.cartegory.update()` invocation in
C:\Users\Lyfer\Documents\Project\foodDeliveryApp\Backend\helpers\cartegory.js:28:47

  25 };
  26 
  27 const editCartegory = async (id, data) => {
→ 28      const cartegory = await prisma.cartegory.update(
Error in connector: Error creating a database connection. (Kind: An error occurred during DNS resolution: proto error: io error: A socket operation was attempted to an unreachable network. (os error 10051), labels: {})
2024-04-06T00:23:48.224Z [31merror[39m:	
Invalid `prisma.cartegory.update()` invocation in
C:\Users\Lyfer\Documents\Project\foodDeliveryApp\Backend\helpers\cartegory.js:28:47

  25 };
  26 
  27 const editCartegory = async (id, data) => {
→ 28      const cartegory = await prisma.cartegory.update(
Error in connector: Error creating a database connection. (Kind: An error occurred during DNS resolution: proto error: io error: A socket operation was attempted to an unreachable network. (os error 10051), labels: {})
2024-04-06T00:33:54.231Z [31merror[39m:	
Invalid `prisma.recipe.create()` invocation in
C:\Users\Lyfer\Documents\Project\foodDeliveryApp\Backend\helpers\recipe.js:4:39

  1 const prisma = require("../utils/prismaUtil");
  2 
  3 const addFood = async (data) => {
→ 4      const food = await prisma.recipe.create({
           data: {
             item: "Vegetable Beef Stew.png",
             title: "Vegetable Beef Stew",
             description: "A vegetable beef stew to eat along with rice or yam, it low in cholestrol and good for a healthy growth",
             quantity: 4,
             price: "25.0",
             category: "661093d3cc7c059338a32113",
             ~~~~~~~~
         ?   id?: String,
         ?   total?: Int,
         ?   createdAt?: DateTime,
         ?   updatedAt?: DateTime,
         ?   cartegory?: cartegoryCreateNestedOneWithoutRecipeInput,
         ?   order?: orderCreateNestedOneWithoutRecipeInput
           }
         })

Unknown argument `category`. Did you mean `cartegory`? Available options are marked with ?.
2024-04-06T00:35:17.479Z [31merror[39m:	
Invalid `prisma.recipe.create()` invocation in
C:\Users\Lyfer\Documents\Project\foodDeliveryApp\Backend\helpers\recipe.js:4:39

  1 const prisma = require("../utils/prismaUtil");
  2 
  3 const addFood = async (data) => {
→ 4      const food = await prisma.recipe.create(
Error converting field "cartegoryId" of expected non-nullable type "String", found incompatible value of "null".
2024-04-06T00:36:02.940Z [31merror[39m:	
Invalid `prisma.recipe.create()` invocation in
C:\Users\Lyfer\Documents\Project\foodDeliveryApp\Backend\helpers\recipe.js:4:39

  1 const prisma = require("../utils/prismaUtil");
  2 
  3 const addFood = async (data) => {
→ 4      const food = await prisma.recipe.create({
           data: {
             item: "Vegetable Beef Stew.png",
             title: "Vegetable Beef Stew",
             description: "A vegetable beef stew to eat along with rice or yam, it low in cholestrol and good for a healthy growth",
             quantity: 4,
             price: "25.0",
             categoryId: "661093d3cc7c059338a32113",
             ~~~~~~~~~~
         ?   id?: String,
         ?   total?: Int,
         ?   createdAt?: DateTime,
         ?   updatedAt?: DateTime,
         ?   cartegory?: cartegoryCreateNestedOneWithoutRecipeInput,
         ?   order?: orderCreateNestedOneWithoutRecipeInput
           }
         })

Unknown argument `categoryId`. Did you mean `cartegory`? Available options are marked with ?.
2024-04-06T00:36:50.715Z [31merror[39m:	
Invalid `prisma.recipe.create()` invocation in
C:\Users\Lyfer\Documents\Project\foodDeliveryApp\Backend\helpers\recipe.js:4:39

  1 const prisma = require("../utils/prismaUtil");
  2 
  3 const addFood = async (data) => {
→ 4      const food = await prisma.recipe.create({
           data: {
             item: "Vegetable Beef Stew.png",
             title: "Vegetable Beef Stew",
             description: "A vegetable beef stew to eat along with rice or yam, it low in cholestrol and good for a healthy growth",
             quantity: 4,
             price: "25.0",
             category: "661093d3cc7c059338a32113",
             ~~~~~~~~
         ?   id?: String,
         ?   total?: Int,
         ?   createdAt?: DateTime,
         ?   updatedAt?: DateTime,
         ?   cartegory?: cartegoryCreateNestedOneWithoutRecipeInput,
         ?   order?: orderCreateNestedOneWithoutRecipeInput
           }
         })

Unknown argument `category`. Did you mean `cartegory`? Available options are marked with ?.
2024-04-06T00:37:08.368Z [31merror[39m:	
Invalid `prisma.recipe.create()` invocation in
C:\Users\Lyfer\Documents\Project\foodDeliveryApp\Backend\helpers\recipe.js:4:39

  1 const prisma = require("../utils/prismaUtil");
  2 
  3 const addFood = async (data) => {
→ 4      const food = await prisma.recipe.create({
           data: {
             item: "Vegetable Beef Stew.png",
             title: "Vegetable Beef Stew",
             description: "A vegetable beef stew to eat along with rice or yam, it low in cholestrol and good for a healthy growth",
             quantity: 4,
             price: "25.0",
             categoryId: "661093d3cc7c059338a32113",
             ~~~~~~~~~~
         ?   id?: String,
         ?   total?: Int,
         ?   createdAt?: DateTime,
         ?   updatedAt?: DateTime,
         ?   cartegory?: cartegoryCreateNestedOneWithoutRecipeInput,
         ?   order?: orderCreateNestedOneWithoutRecipeInput
           }
         })

Unknown argument `categoryId`. Did you mean `cartegory`? Available options are marked with ?.
2024-04-06T00:38:19.059Z [31merror[39m:	
Invalid `prisma.recipe.create()` invocation in
C:\Users\Lyfer\Documents\Project\foodDeliveryApp\Backend\helpers\recipe.js:4:39

  1 const prisma = require("../utils/prismaUtil");
  2 
  3 const addFood = async (data) => {
→ 4      const food = await prisma.recipe.create({
           data: {
             item: "Vegetable Beef Stew.png",
             title: "Vegetable Beef Stew",
             description: "A vegetable beef stew to eat along with rice or yam, it low in cholestrol and good for a healthy growth",
             quantity: 4,
             price: "25.0",
             cartegory: "661093d3cc7c059338a32113"
                        ~~~~~~~~~~~~~~~~~~~~~~~~~~
           }
         })

Argument `cartegory`: Invalid value provided. Expected cartegoryCreateNestedOneWithoutRecipeInput, provided String.
